<?xml version="1.0" encoding="UTF-8"?>
<testng-results skipped="0" failed="0" ignored="0" total="1" passed="1">
  <reporter-output>
  </reporter-output>
  <suite name="KTest" duration-ms="72637" started-at="2020-10-06T08:30:56Z" finished-at="2020-10-06T08:32:09Z">
    <groups>
    </groups>
    <test name="Test E-Commerce" duration-ms="72637" started-at="2020-10-06T08:30:56Z" finished-at="2020-10-06T08:32:09Z">
      <class name="com.konga.test.CartValidationTest">
        <test-method status="PASS" signature="setUp()[pri:0, instance:com.konga.test.CartValidationTest@40ef3420]" name="setUp" is-config="true" duration-ms="11062" started-at="2020-10-06T08:30:56Z" finished-at="2020-10-06T08:31:07Z">
          <reporter-output>
          </reporter-output>
        </test-method> <!-- setUp -->
        <test-method status="PASS" signature="cartValidationTest()[pri:0, instance:com.konga.test.CartValidationTest@40ef3420]" name="cartValidationTest" duration-ms="60034" started-at="2020-10-06T08:31:08Z" finished-at="2020-10-06T08:32:08Z">
          <reporter-output>
          </reporter-output>
        </test-method> <!-- cartValidationTest -->
        <test-method status="PASS" signature="tearDown()[pri:0, instance:com.konga.test.CartValidationTest@40ef3420]" name="tearDown" is-config="true" duration-ms="1483" started-at="2020-10-06T08:32:08Z" finished-at="2020-10-06T08:32:09Z">
          <reporter-output>
          </reporter-output>
        </test-method> <!-- tearDown -->
      </class> <!-- com.konga.test.CartValidationTest -->
    </test> <!-- Test E-Commerce -->
  </suite> <!-- KTest -->
</testng-results>
