<?xml version="1.0" encoding="UTF-8"?>
<testsuite xmlns:xsi="http://www.w3.org/2001/XMLSchema-instance" xsi:noNamespaceSchemaLocation="https://maven.apache.org/surefire/maven-surefire-plugin/xsd/surefire-test-report-3.0.xsd" version="3.0" name="TestSuite" time="7.368" tests="12" errors="0" skipped="11" failures="1">
  <properties>
[...]
</properties>
  <testcase name="setUp" classname="com.konga.test.CheckOut" time="6.897">
    <failure message="session not created: This version of ChromeDriver only supports Chrome version 77&#10;Build info: version: &apos;4.0.0-alpha-2&apos;, revision: &apos;f148142cf8&apos;, time: &apos;2019-07-01T20:55:26&apos;&#10;System info: host: &apos;DESKTOP-9KI2P94&apos;, ip: &apos;172.28.10.17&apos;, os.name: &apos;Windows 10&apos;, os.arch: &apos;amd64&apos;, os.version: &apos;10.0&apos;, java.version: &apos;1.8.0_221&apos;&#10;Driver info: driver.version: ChromeDriver&#10;remote stacktrace: Backtrace:&#10;	Ordinal0 [0x00F9EB13+1501971]&#10;	Ordinal0 [0x00F1F6D1+980689]&#10;	Ordinal0 [0x00EA765F+489055]&#10;	Ordinal0 [0x00E3F2F4+62196]&#10;	Ordinal0 [0x00E3BCDA+48346]&#10;	Ordinal0 [0x00E59800+169984]&#10;	Ordinal0 [0x00E5942D+169005]&#10;	Ordinal0 [0x00E578EB+162027]&#10;	Ordinal0 [0x00E40AC7+68295]&#10;	Ordinal0 [0x00E41B40+72512]&#10;	Ordinal0 [0x00E41AD9+72409]&#10;	Ordinal0 [0x00F38F37+1085239]&#10;	GetHandleVerifier [0x0103D7ED+503293]&#10;	GetHandleVerifier [0x0103D580+502672]&#10;	GetHandleVerifier [0x010446AC+531644]&#10;	GetHandleVerifier [0x0103DFFA+505354]&#10;	Ordinal0 [0x00F30606+1050118]&#10;	Ordinal0 [0x00F3047F+1049727]&#10;	Ordinal0 [0x00F3AF9B+1093531]&#10;	Ordinal0 [0x00F3B103+1093891]&#10;	Ordinal0 [0x00F3A095+1089685]&#10;	BaseThreadInitThunk [0x75AF6359+25]&#10;	RtlGetAppContainerNamedObjectPath [0x77627B74+228]&#10;	RtlGetAppContainerNamedObjectPath [0x77627B44+180]&#10;" type="org.openqa.selenium.SessionNotCreatedException">org.openqa.selenium.SessionNotCreatedException: 
session not created: This version of ChromeDriver only supports Chrome version 77
Build info: version: '4.0.0-alpha-2', revision: 'f148142cf8', time: '2019-07-01T20:55:26'
System info: host: 'DESKTOP-9KI2P94', ip: '172.28.10.17', os.name: 'Windows 10', os.arch: 'amd64', os.version: '10.0', java.version: '1.8.0_221'
Driver info: driver.version: ChromeDriver
remote stacktrace: Backtrace:
	Ordinal0 [0x00F9EB13+1501971]
	Ordinal0 [0x00F1F6D1+980689]
	Ordinal0 [0x00EA765F+489055]
	Ordinal0 [0x00E3F2F4+62196]
	Ordinal0 [0x00E3BCDA+48346]
	Ordinal0 [0x00E59800+169984]
	Ordinal0 [0x00E5942D+169005]
	Ordinal0 [0x00E578EB+162027]
	Ordinal0 [0x00E40AC7+68295]
	Ordinal0 [0x00E41B40+72512]
	Ordinal0 [0x00E41AD9+72409]
	Ordinal0 [0x00F38F37+1085239]
	GetHandleVerifier [0x0103D7ED+503293]
	GetHandleVerifier [0x0103D580+502672]
	GetHandleVerifier [0x010446AC+531644]
	GetHandleVerifier [0x0103DFFA+505354]
	Ordinal0 [0x00F30606+1050118]
	Ordinal0 [0x00F3047F+1049727]
	Ordinal0 [0x00F3AF9B+1093531]
	Ordinal0 [0x00F3B103+1093891]
	Ordinal0 [0x00F3A095+1089685]
	BaseThreadInitThunk [0x75AF6359+25]
	RtlGetAppContainerNamedObjectPath [0x77627B74+228]
	RtlGetAppContainerNamedObjectPath [0x77627B44+180]

	at com.konga.test.CheckOut.setUp(CheckOut.java:21)
</failure>
    <system-err><![CDATA[Starting ChromeDriver 77.0.3865.40 (f484704e052e0b556f8030b65b953dce96503217-refs/branch-heads/3865@{#442}) on port 48099
Only local connections are allowed.
Please protect ports used by ChromeDriver and related test frameworks to prevent access by malicious code.
]]></system-err>
  </testcase>
  <testcase name="setUp" classname="com.konga.test.SearchTest" time="0">
    <skipped/>
  </testcase>
  <testcase name="setUpClass" classname="com.konga.test.CheckOut" time="0">
    <skipped/>
  </testcase>
  <testcase name="checkout" classname="com.konga.test.CheckOut" time="0">
    <skipped message="session not created: This version of ChromeDriver only supports Chrome version 77&#10;Build info: version: &apos;4.0.0-alpha-2&apos;, revision: &apos;f148142cf8&apos;, time: &apos;2019-07-01T20:55:26&apos;&#10;System info: host: &apos;DESKTOP-9KI2P94&apos;, ip: &apos;172.28.10.17&apos;, os.name: &apos;Windows 10&apos;, os.arch: &apos;amd64&apos;, os.version: &apos;10.0&apos;, java.version: &apos;1.8.0_221&apos;&#10;Driver info: driver.version: ChromeDriver&#10;remote stacktrace: Backtrace:&#10;	Ordinal0 [0x00F9EB13+1501971]&#10;	Ordinal0 [0x00F1F6D1+980689]&#10;	Ordinal0 [0x00EA765F+489055]&#10;	Ordinal0 [0x00E3F2F4+62196]&#10;	Ordinal0 [0x00E3BCDA+48346]&#10;	Ordinal0 [0x00E59800+169984]&#10;	Ordinal0 [0x00E5942D+169005]&#10;	Ordinal0 [0x00E578EB+162027]&#10;	Ordinal0 [0x00E40AC7+68295]&#10;	Ordinal0 [0x00E41B40+72512]&#10;	Ordinal0 [0x00E41AD9+72409]&#10;	Ordinal0 [0x00F38F37+1085239]&#10;	GetHandleVerifier [0x0103D7ED+503293]&#10;	GetHandleVerifier [0x0103D580+502672]&#10;	GetHandleVerifier [0x010446AC+531644]&#10;	GetHandleVerifier [0x0103DFFA+505354]&#10;	Ordinal0 [0x00F30606+1050118]&#10;	Ordinal0 [0x00F3047F+1049727]&#10;	Ordinal0 [0x00F3AF9B+1093531]&#10;	Ordinal0 [0x00F3B103+1093891]&#10;	Ordinal0 [0x00F3A095+1089685]&#10;	BaseThreadInitThunk [0x75AF6359+25]&#10;	RtlGetAppContainerNamedObjectPath [0x77627B74+228]&#10;	RtlGetAppContainerNamedObjectPath [0x77627B44+180]&#10;"/>
  </testcase>
  <testcase name="tearDownClass" classname="com.konga.test.CheckOut" time="0">
    <skipped/>
  </testcase>
  <testcase name="setup" classname="com.konga.test.LoginViaEmail" time="0">
    <skipped/>
  </testcase>
  <testcase name="IncorrectEmail" classname="com.konga.test.LoginViaEmail" time="0">
    <skipped message="session not created: This version of ChromeDriver only supports Chrome version 77&#10;Build info: version: &apos;4.0.0-alpha-2&apos;, revision: &apos;f148142cf8&apos;, time: &apos;2019-07-01T20:55:26&apos;&#10;System info: host: &apos;DESKTOP-9KI2P94&apos;, ip: &apos;172.28.10.17&apos;, os.name: &apos;Windows 10&apos;, os.arch: &apos;amd64&apos;, os.version: &apos;10.0&apos;, java.version: &apos;1.8.0_221&apos;&#10;Driver info: driver.version: ChromeDriver&#10;remote stacktrace: Backtrace:&#10;	Ordinal0 [0x00F9EB13+1501971]&#10;	Ordinal0 [0x00F1F6D1+980689]&#10;	Ordinal0 [0x00EA765F+489055]&#10;	Ordinal0 [0x00E3F2F4+62196]&#10;	Ordinal0 [0x00E3BCDA+48346]&#10;	Ordinal0 [0x00E59800+169984]&#10;	Ordinal0 [0x00E5942D+169005]&#10;	Ordinal0 [0x00E578EB+162027]&#10;	Ordinal0 [0x00E40AC7+68295]&#10;	Ordinal0 [0x00E41B40+72512]&#10;	Ordinal0 [0x00E41AD9+72409]&#10;	Ordinal0 [0x00F38F37+1085239]&#10;	GetHandleVerifier [0x0103D7ED+503293]&#10;	GetHandleVerifier [0x0103D580+502672]&#10;	GetHandleVerifier [0x010446AC+531644]&#10;	GetHandleVerifier [0x0103DFFA+505354]&#10;	Ordinal0 [0x00F30606+1050118]&#10;	Ordinal0 [0x00F3047F+1049727]&#10;	Ordinal0 [0x00F3AF9B+1093531]&#10;	Ordinal0 [0x00F3B103+1093891]&#10;	Ordinal0 [0x00F3A095+1089685]&#10;	BaseThreadInitThunk [0x75AF6359+25]&#10;	RtlGetAppContainerNamedObjectPath [0x77627B74+228]&#10;	RtlGetAppContainerNamedObjectPath [0x77627B44+180]&#10;"/>
  </testcase>
  <testcase name="login" classname="com.konga.test.LoginViaEmail" time="0">
    <skipped message="session not created: This version of ChromeDriver only supports Chrome version 77&#10;Build info: version: &apos;4.0.0-alpha-2&apos;, revision: &apos;f148142cf8&apos;, time: &apos;2019-07-01T20:55:26&apos;&#10;System info: host: &apos;DESKTOP-9KI2P94&apos;, ip: &apos;172.28.10.17&apos;, os.name: &apos;Windows 10&apos;, os.arch: &apos;amd64&apos;, os.version: &apos;10.0&apos;, java.version: &apos;1.8.0_221&apos;&#10;Driver info: driver.version: ChromeDriver&#10;remote stacktrace: Backtrace:&#10;	Ordinal0 [0x00F9EB13+1501971]&#10;	Ordinal0 [0x00F1F6D1+980689]&#10;	Ordinal0 [0x00EA765F+489055]&#10;	Ordinal0 [0x00E3F2F4+62196]&#10;	Ordinal0 [0x00E3BCDA+48346]&#10;	Ordinal0 [0x00E59800+169984]&#10;	Ordinal0 [0x00E5942D+169005]&#10;	Ordinal0 [0x00E578EB+162027]&#10;	Ordinal0 [0x00E40AC7+68295]&#10;	Ordinal0 [0x00E41B40+72512]&#10;	Ordinal0 [0x00E41AD9+72409]&#10;	Ordinal0 [0x00F38F37+1085239]&#10;	GetHandleVerifier [0x0103D7ED+503293]&#10;	GetHandleVerifier [0x0103D580+502672]&#10;	GetHandleVerifier [0x010446AC+531644]&#10;	GetHandleVerifier [0x0103DFFA+505354]&#10;	Ordinal0 [0x00F30606+1050118]&#10;	Ordinal0 [0x00F3047F+1049727]&#10;	Ordinal0 [0x00F3AF9B+1093531]&#10;	Ordinal0 [0x00F3B103+1093891]&#10;	Ordinal0 [0x00F3A095+1089685]&#10;	BaseThreadInitThunk [0x75AF6359+25]&#10;	RtlGetAppContainerNamedObjectPath [0x77627B74+228]&#10;	RtlGetAppContainerNamedObjectPath [0x77627B44+180]&#10;"/>
  </testcase>
  <testcase name="tearDown" classname="com.konga.test.LoginViaEmail" time="0">
    <skipped/>
  </testcase>
  <testcase name="search" classname="com.konga.test.SearchTest" time="0">
    <skipped message="session not created: This version of ChromeDriver only supports Chrome version 77&#10;Build info: version: &apos;4.0.0-alpha-2&apos;, revision: &apos;f148142cf8&apos;, time: &apos;2019-07-01T20:55:26&apos;&#10;System info: host: &apos;DESKTOP-9KI2P94&apos;, ip: &apos;172.28.10.17&apos;, os.name: &apos;Windows 10&apos;, os.arch: &apos;amd64&apos;, os.version: &apos;10.0&apos;, java.version: &apos;1.8.0_221&apos;&#10;Driver info: driver.version: ChromeDriver&#10;remote stacktrace: Backtrace:&#10;	Ordinal0 [0x00F9EB13+1501971]&#10;	Ordinal0 [0x00F1F6D1+980689]&#10;	Ordinal0 [0x00EA765F+489055]&#10;	Ordinal0 [0x00E3F2F4+62196]&#10;	Ordinal0 [0x00E3BCDA+48346]&#10;	Ordinal0 [0x00E59800+169984]&#10;	Ordinal0 [0x00E5942D+169005]&#10;	Ordinal0 [0x00E578EB+162027]&#10;	Ordinal0 [0x00E40AC7+68295]&#10;	Ordinal0 [0x00E41B40+72512]&#10;	Ordinal0 [0x00E41AD9+72409]&#10;	Ordinal0 [0x00F38F37+1085239]&#10;	GetHandleVerifier [0x0103D7ED+503293]&#10;	GetHandleVerifier [0x0103D580+502672]&#10;	GetHandleVerifier [0x010446AC+531644]&#10;	GetHandleVerifier [0x0103DFFA+505354]&#10;	Ordinal0 [0x00F30606+1050118]&#10;	Ordinal0 [0x00F3047F+1049727]&#10;	Ordinal0 [0x00F3AF9B+1093531]&#10;	Ordinal0 [0x00F3B103+1093891]&#10;	Ordinal0 [0x00F3A095+1089685]&#10;	BaseThreadInitThunk [0x75AF6359+25]&#10;	RtlGetAppContainerNamedObjectPath [0x77627B74+228]&#10;	RtlGetAppContainerNamedObjectPath [0x77627B44+180]&#10;"/>
  </testcase>
  <testcase name="tearDown" classname="com.konga.test.CheckOut" time="0">
    <skipped/>
  </testcase>
  <testcase name="tearDown" classname="com.konga.test.SearchTest" time="0">
    <skipped/>
  </testcase>
</testsuite>